2025-05-17 14:41:58,414 [INFO] -- BEGIN Twilio API Request --
2025-05-17 14:41:58,414 [INFO] POST Request: https://api.twilio.com/2010-04-01/Accounts/AC917c7d55896427b0668e04c76cbdd31a/Calls.json
2025-05-17 14:41:58,414 [INFO] Headers:
2025-05-17 14:41:58,414 [INFO] Content-Type : application/x-www-form-urlencoded
2025-05-17 14:41:58,414 [INFO] Accept : application/json
2025-05-17 14:41:58,414 [INFO] User-Agent : twilio-python/9.6.1 (Darwin arm64) Python/3.11.6
2025-05-17 14:41:58,414 [INFO] X-Twilio-Client : python-9.6.1
2025-05-17 14:41:58,414 [INFO] Accept-Charset : utf-8
2025-05-17 14:41:58,414 [INFO] -- END Twilio API Request --
2025-05-17 14:41:58,634 [INFO] Response Status Code: 201
2025-05-17 14:41:58,634 [INFO] Response Headers: {'Content-Type': 'application/json;charset=utf-8', 'Content-Length': '2011', 'Connection': 'keep-alive', 'Date': 'Sat, 17 May 2025 21:41:58 GMT', 'Location': 'https://call-service.us1.svc.twilio.com/v2/Accounts/CA3ef36e269931bafcf8c0cb98256b89c3', 'Twilio-Concurrent-Requests': '1', 'Twilio-Request-Id': 'RQc0f4ab6001ce992c058140dd9c80efb3', 'Twilio-Request-Duration': '0.080', 'X-Home-Region': 'us1', 'X-API-Domain': 'api.twilio.com', 'Strict-Transport-Security': 'max-age=31536000', 'X-Cache': 'Miss from cloudfront', 'Via': '1.1 afdb1da50225c72a4232b3531193b400.cloudfront.net (CloudFront)', 'X-Amz-Cf-Pop': 'LAX50-P3', 'X-Amz-Cf-Id': '9m9ovHRGlrYPZSdSek5ogBRXOZvIrJB5mCFyDkcXldzrHeFAw9Z4Ig==', 'X-Powered-By': 'AT-5000', 'X-Shenanigans': 'none', 'Vary': 'Origin'}
2025-05-17 14:41:58,634 [INFO] SID: CA3ef36e269931bafcf8c0cb98256b89c3
2025-05-17 14:43:59,712 [INFO] -- BEGIN Twilio API Request --
2025-05-17 14:43:59,712 [INFO] POST Request: https://api.twilio.com/2010-04-01/Accounts/AC917c7d55896427b0668e04c76cbdd31a/Calls.json
2025-05-17 14:43:59,712 [INFO] Headers:
2025-05-17 14:43:59,712 [INFO] Content-Type : application/x-www-form-urlencoded
2025-05-17 14:43:59,712 [INFO] Accept : application/json
2025-05-17 14:43:59,712 [INFO] User-Agent : twilio-python/9.6.1 (Darwin arm64) Python/3.11.6
2025-05-17 14:43:59,713 [INFO] X-Twilio-Client : python-9.6.1
2025-05-17 14:43:59,713 [INFO] Accept-Charset : utf-8
2025-05-17 14:43:59,713 [INFO] -- END Twilio API Request --
2025-05-17 14:43:59,918 [INFO] Response Status Code: 201
2025-05-17 14:43:59,919 [INFO] Response Headers: {'Content-Type': 'application/json;charset=utf-8', 'Content-Length': '2011', 'Connection': 'keep-alive', 'Date': 'Sat, 17 May 2025 21:43:59 GMT', 'Location': 'https://call-service.us1.svc.twilio.com/v2/Accounts/CA73412fdb0768e721609dfebcfb7df531', 'Twilio-Concurrent-Requests': '1', 'Twilio-Request-Id': 'RQ8d3f2fb0f3bfa844d6772cb900b9140c', 'Twilio-Request-Duration': '0.071', 'X-Home-Region': 'us1', 'X-API-Domain': 'api.twilio.com', 'Strict-Transport-Security': 'max-age=31536000', 'X-Cache': 'Miss from cloudfront', 'Via': '1.1 df11d3a08007cdd54c51137ab60a7786.cloudfront.net (CloudFront)', 'X-Amz-Cf-Pop': 'LAX50-P3', 'X-Amz-Cf-Id': 'g-Fw7GmT13S8hyVi32E6T7cAQxtaIjaBl-pn12MajW_F1EGbCc30FQ==', 'X-Powered-By': 'AT-5000', 'X-Shenanigans': 'none', 'Vary': 'Origin'}
2025-05-17 14:43:59,919 [INFO] SID: CA73412fdb0768e721609dfebcfb7df531
2025-05-17 14:46:35,536 [INFO] -- BEGIN Twilio API Request --
2025-05-17 14:46:35,536 [INFO] POST Request: https://api.twilio.com/2010-04-01/Accounts/AC917c7d55896427b0668e04c76cbdd31a/Calls.json
2025-05-17 14:46:35,536 [INFO] Headers:
2025-05-17 14:46:35,536 [INFO] Content-Type : application/x-www-form-urlencoded
2025-05-17 14:46:35,536 [INFO] Accept : application/json
2025-05-17 14:46:35,536 [INFO] User-Agent : twilio-python/9.6.1 (Darwin arm64) Python/3.11.6
2025-05-17 14:46:35,536 [INFO] X-Twilio-Client : python-9.6.1
2025-05-17 14:46:35,536 [INFO] Accept-Charset : utf-8
2025-05-17 14:46:35,536 [INFO] -- END Twilio API Request --
2025-05-17 14:46:35,737 [INFO] Response Status Code: 201
2025-05-17 14:46:35,737 [INFO] Response Headers: {'Content-Type': 'application/json;charset=utf-8', 'Content-Length': '2011', 'Connection': 'keep-alive', 'Date': 'Sat, 17 May 2025 21:46:35 GMT', 'Location': 'https://call-service.us1.svc.twilio.com/v2/Accounts/CAacad0fab8501438d147fe8382ec453e1', 'Twilio-Concurrent-Requests': '1', 'Twilio-Request-Id': 'RQ95cdd20c8ac9021ca872b260d20c9128', 'Twilio-Request-Duration': '0.069', 'X-Home-Region': 'us1', 'X-API-Domain': 'api.twilio.com', 'Strict-Transport-Security': 'max-age=31536000', 'X-Cache': 'Miss from cloudfront', 'Via': '1.1 f11576d31938be10fbf6eaf4d14172da.cloudfront.net (CloudFront)', 'X-Amz-Cf-Pop': 'LAX50-P3', 'X-Amz-Cf-Id': 'xRySvS5RB55SpcloRst5-S6mDCtBeCrNbIBYxG3tOyVk9f6cg4kCxA==', 'X-Powered-By': 'AT-5000', 'X-Shenanigans': 'none', 'Vary': 'Origin'}
2025-05-17 14:46:35,738 [INFO] SID: CAacad0fab8501438d147fe8382ec453e1
2025-05-17 14:47:40,660 [INFO] -- BEGIN Twilio API Request --
2025-05-17 14:47:40,660 [INFO] POST Request: https://api.twilio.com/2010-04-01/Accounts/AC917c7d55896427b0668e04c76cbdd31a/Calls.json
2025-05-17 14:47:40,660 [INFO] Headers:
2025-05-17 14:47:40,660 [INFO] Content-Type : application/x-www-form-urlencoded
2025-05-17 14:47:40,660 [INFO] Accept : application/json
2025-05-17 14:47:40,660 [INFO] User-Agent : twilio-python/9.6.1 (Darwin arm64) Python/3.11.6
2025-05-17 14:47:40,660 [INFO] X-Twilio-Client : python-9.6.1
2025-05-17 14:47:40,660 [INFO] Accept-Charset : utf-8
2025-05-17 14:47:40,660 [INFO] -- END Twilio API Request --
2025-05-17 14:47:40,871 [INFO] Response Status Code: 201
2025-05-17 14:47:40,871 [INFO] Response Headers: {'Content-Type': 'application/json;charset=utf-8', 'Content-Length': '2011', 'Connection': 'keep-alive', 'Date': 'Sat, 17 May 2025 21:47:40 GMT', 'Location': 'https://call-service.us1.svc.twilio.com/v2/Accounts/CAd0c8119be1d7e2454c876c16e71ca99e', 'Twilio-Concurrent-Requests': '1', 'Twilio-Request-Id': 'RQbb9c2afe4567ac9d934fd13b897de642', 'Twilio-Request-Duration': '0.080', 'X-Home-Region': 'us1', 'X-API-Domain': 'api.twilio.com', 'Strict-Transport-Security': 'max-age=31536000', 'X-Cache': 'Miss from cloudfront', 'Via': '1.1 cf0406bc67043378998de4d2ebe1b638.cloudfront.net (CloudFront)', 'X-Amz-Cf-Pop': 'LAX50-P3', 'X-Amz-Cf-Id': 'AKPD5iLjOaFH_Jpl8fhUF9KOD48UiU6JvcP3gZdlXh31hGe9x68oGw==', 'X-Powered-By': 'AT-5000', 'X-Shenanigans': 'none', 'Vary': 'Origin'}
2025-05-17 14:47:40,872 [INFO] SID: CAd0c8119be1d7e2454c876c16e71ca99e
2025-05-17 14:55:31,496 [INFO] -- BEGIN Twilio API Request --
2025-05-17 14:55:31,496 [INFO] POST Request: https://api.twilio.com/2010-04-01/Accounts/AC917c7d55896427b0668e04c76cbdd31a/Calls.json
2025-05-17 14:55:31,496 [INFO] Headers:
2025-05-17 14:55:31,496 [INFO] Content-Type : application/x-www-form-urlencoded
2025-05-17 14:55:31,496 [INFO] Accept : application/json
2025-05-17 14:55:31,496 [INFO] User-Agent : twilio-python/9.6.1 (Darwin arm64) Python/3.11.6
2025-05-17 14:55:31,496 [INFO] X-Twilio-Client : python-9.6.1
2025-05-17 14:55:31,496 [INFO] Accept-Charset : utf-8
2025-05-17 14:55:31,496 [INFO] -- END Twilio API Request --
2025-05-17 14:55:31,715 [INFO] Response Status Code: 201
2025-05-17 14:55:31,715 [INFO] Response Headers: {'Content-Type': 'application/json;charset=utf-8', 'Content-Length': '2011', 'Connection': 'keep-alive', 'Date': 'Sat, 17 May 2025 21:55:31 GMT', 'Location': 'https://call-service.us1.svc.twilio.com/v2/Accounts/CA984141a9c81d2a752838e47ac026e640', 'Twilio-Concurrent-Requests': '1', 'Twilio-Request-Id': 'RQ3296515e83512b0cbef578bcf72d0575', 'Twilio-Request-Duration': '0.081', 'X-Home-Region': 'us1', 'X-API-Domain': 'api.twilio.com', 'Strict-Transport-Security': 'max-age=31536000', 'X-Cache': 'Miss from cloudfront', 'Via': '1.1 f11576d31938be10fbf6eaf4d14172da.cloudfront.net (CloudFront)', 'X-Amz-Cf-Pop': 'LAX50-P3', 'X-Amz-Cf-Id': '050W-ugrJIxOM8I8dQ6iXOCJw-4o6Ez19NrGSkmdlLmzONhKkKx4TQ==', 'X-Powered-By': 'AT-5000', 'X-Shenanigans': 'none', 'Vary': 'Origin'}
2025-05-17 14:55:31,715 [INFO] SID: CA984141a9c81d2a752838e47ac026e640
